Missing sound file: res\sfx\bombaim.wav
Missing sound file: res\sfx\boardhalf.wav
Missing sound file: res\sfx\boardclear.wav
Missing sound file: res\sfx\menumove.wav
Missing sound file: res\sfx\menuconfirm.wav
Missing sound file: res\sfx\lazestart.wav
Missing sound file: res\sfx\lazeloop.wav
Missing sound file: res\sfx\lazeend.wav
Missing sound file: res\sfx\fire.wav
Missing sound file: res\sfx\exploded.wav
Missing sound file: res\sfx\eatpower.wav
Missing sound file: res\sfx\eatghost.wav
Missing sound file: res\sfx\eatfruit.wav
Missing sound file: res\sfx\eatdot.wav
Missing sound file: res\sfx\die.wav
Missing sound file: res\sfx\detection.wav
Exception in thread "main" java.lang.RuntimeException: Could not load sprite images from res/sprite.
	at game.GamePanel.loadSprites(GamePanel.java:779)
	at game.GamePanel.<init>(GamePanel.java:277)
	at game.GameMain.main(GameMain.java:13)
Caused by: javax.imageio.IIOException: Can't read input file!
	at java.desktop/javax.imageio.ImageIO.read(Unknown Source)
	at game.GamePanel.loadSprites(GamePanel.java:713)
	... 2 more
Failed to launch JVM
